<?xml version="1.0" encoding="UTF-8"?>
<testng-results ignored="0" total="6" passed="6" failed="0" skipped="0">
  <reporter-output>
  </reporter-output>
  <suite started-at="2024-03-20T12:59:06 IST" name="Default suite" finished-at="2024-03-20T13:00:08 IST" duration-ms="61520">
    <groups>
    </groups>
    <test started-at="2024-03-20T12:59:06 IST" name="Default test" finished-at="2024-03-20T13:00:08 IST" duration-ms="61520">
      <class name="com.test.HD_Sanity.HD_Activity">
        <test-method is-config="true" signature="setup()[pri:0, instance:com.test.HD_Sanity.HD_Activity@36916eb0]" started-at="2024-03-20T12:59:06 IST" name="setup" finished-at="2024-03-20T12:59:07 IST" duration-ms="762" status="PASS">
          <reporter-output>
          </reporter-output>
        </test-method> <!-- setup -->
        <test-method signature="login()[pri:1, instance:com.test.HD_Sanity.HD_Activity@36916eb0]" started-at="2024-03-20T12:59:07 IST" name="login" finished-at="2024-03-20T12:59:20 IST" duration-ms="12977" status="PASS">
          <reporter-output>
          </reporter-output>
        </test-method> <!-- login -->
        <test-method signature="brain_search()[pri:2, instance:com.test.HD_Sanity.HD_Activity@36916eb0]" started-at="2024-03-20T12:59:20 IST" name="brain_search" finished-at="2024-03-20T12:59:37 IST" duration-ms="17240" status="PASS">
          <reporter-output>
          </reporter-output>
        </test-method> <!-- brain_search -->
        <test-method signature="activity_Search()[pri:3, instance:com.test.HD_Sanity.HD_Activity@36916eb0]" started-at="2024-03-20T12:59:37 IST" name="activity_Search" finished-at="2024-03-20T12:59:55 IST" duration-ms="18046" status="PASS">
          <reporter-output>
          </reporter-output>
        </test-method> <!-- activity_Search -->
        <test-method signature="userName()[pri:4, instance:com.test.HD_Sanity.HD_Activity@36916eb0]" started-at="2024-03-20T12:59:55 IST" name="userName" finished-at="2024-03-20T13:00:00 IST" duration-ms="4108" status="PASS">
          <reporter-output>
          </reporter-output>
        </test-method> <!-- userName -->
        <test-method signature="Action()[pri:5, instance:com.test.HD_Sanity.HD_Activity@36916eb0]" started-at="2024-03-20T13:00:00 IST" name="Action" finished-at="2024-03-20T13:00:04 IST" duration-ms="4105" status="PASS">
          <reporter-output>
          </reporter-output>
        </test-method> <!-- Action -->
        <test-method signature="Info()[pri:6, instance:com.test.HD_Sanity.HD_Activity@36916eb0]" started-at="2024-03-20T13:00:04 IST" name="Info" finished-at="2024-03-20T13:00:08 IST" duration-ms="4083" status="PASS">
          <reporter-output>
          </reporter-output>
        </test-method> <!-- Info -->
        <test-method is-config="true" signature="afterTest()[pri:0, instance:com.test.HD_Sanity.HD_Activity@36916eb0]" started-at="2024-03-20T13:00:08 IST" name="afterTest" finished-at="2024-03-20T13:00:08 IST" duration-ms="173" status="PASS">
          <reporter-output>
          </reporter-output>
        </test-method> <!-- afterTest -->
      </class> <!-- com.test.HD_Sanity.HD_Activity -->
    </test> <!-- Default test -->
  </suite> <!-- Default suite -->
</testng-results>
